<?xml version="1.0" encoding="utf-8"?><testsuites name="pytest tests"><testsuite name="pytest" errors="0" failures="0" skipped="0" tests="4" time="10.566" timestamp="2026-09-22T23:30:29.485694+00:00" hostname="agent-env-97938362-bc7c-4760-84a5-4f8a0d9fa500"><testcase classname="tests.test_iteration3" name="test_initiator_chain_spark_and_ranking" time="9.068" /><testcase classname="tests.test_iteration3" name="test_join_returns_spark_number_and_attaches_to_inviter" time="0.347" /><testcase classname="tests.test_iteration3" name="test_create_tartan_initiator_spark_is_one" time="0.382" /><testcase classname="tests.test_iteration3" name="test_percentile_bounds_for_joiner" time="0.319" /></testsuite></testsuites>