<?xml version="1.0" encoding="utf-8"?><testsuites name="pytest tests"><testsuite name="pytest" errors="0" failures="0" skipped="0" tests="16" time="2.472" timestamp="2026-09-23T01:09:13.867321+00:00" hostname="agent-env-97938362-bc7c-4760-84a5-4f8a0d9fa500"><testcase classname="tests.test_iteration6.TestPush" name="test_vapid_public_key" time="0.250" /><testcase classname="tests.test_iteration6.TestTeams" name="test_tartan_public_lists_teams" time="0.315" /><testcase classname="tests.test_iteration6.TestPush" name="test_subscribe_valid" time="0.064" /><testcase classname="tests.test_iteration6.TestPush" name="test_subscribe_invalid_no_endpoint" time="0.067" /><testcase classname="tests.test_iteration6.TestTeams" name="test_join_with_valid_team" time="0.138" /><testcase classname="tests.test_iteration6.TestPush" name="test_subscribe_unknown_share" time="0.063" /><testcase classname="tests.test_iteration6.TestRegression" name="test_puntland_public" time="0.068" /><testcase classname="tests.test_iteration6.TestTeams" name="test_join_with_invalid_team_stores_null" time="0.136" /><testcase classname="tests.test_iteration6.TestRegression" name="test_amina_profile" time="0.131" /><testcase classname="tests.test_iteration6.TestTeams" name="test_join_with_garowe" time="0.189" /><testcase classname="tests.test_iteration6.TestRegression" name="test_leaderboard" time="0.065" /><testcase classname="tests.test_iteration6.TestRewards" name="test_amina_reward_tier" time="0.148" /><testcase classname="tests.test_iteration6.TestTeams" name="test_scoreboard" time="0.075" /><testcase classname="tests.test_iteration6.TestTeams" name="test_scoreboard_unknown_tartan_404" time="0.088" /><testcase classname="tests.test_iteration6.TestRewards" name="test_reward_tier_boundaries" time="0.257" /><testcase classname="tests.test_iteration6.TestRewardJoinNotif" name="test_join_creates_direct_notification_and_no_500" time="0.828" /></testsuite></testsuites>