<?xml version="1.0" encoding="utf-8"?><testsuites name="pytest tests"><testsuite name="pytest" errors="0" failures="0" skipped="0" tests="7" time="4.384" timestamp="2026-09-22T23:11:20.259728+00:00" hostname="agent-env-97938362-bc7c-4760-84a5-4f8a0d9fa500"><testcase classname="tests.test_iteration2" name="test_analytics_initiator_ok" time="0.295" /><testcase classname="tests.test_iteration2" name="test_analytics_non_initiator_forbidden" time="0.326" /><testcase classname="tests.test_iteration2" name="test_analytics_unknown_owner_forbidden" time="0.149" /><testcase classname="tests.test_iteration2" name="test_avatar_upload_and_attach_and_serve" time="0.766" /><testcase classname="tests.test_iteration2" name="test_member_avatar_update_and_ownership_403" time="0.560" /><testcase classname="tests.test_iteration2" name="test_avatar_rejects_non_image" time="0.175" /><testcase classname="tests.test_iteration2" name="test_sse_initial_stats_and_join_event" time="1.648" /></testsuite></testsuites>