<?xml version="1.0" encoding="utf-8"?><testsuites name="pytest tests"><testsuite name="pytest" errors="0" failures="0" skipped="0" tests="11" time="52.775" timestamp="2026-09-23T00:49:56.809451+00:00" hostname="agent-env-97938362-bc7c-4760-84a5-4f8a0d9fa500"><testcase classname="tests.test_iteration5.TestLeaderboard" name="test_puntland_leaderboard" time="47.327" /><testcase classname="tests.test_iteration5.TestProfile" name="test_amina_profile" time="47.324" /><testcase classname="tests.test_iteration5.TestLeaderboard" name="test_leaderboard_404" time="0.074" /><testcase classname="tests.test_iteration5.TestProfile" name="test_profile_404" time="0.068" /><testcase classname="tests.test_iteration5.TestCreateWithGoal" name="test_create_with_goal_target" time="0.174" /><testcase classname="tests.test_iteration5.TestTartanPublic" name="test_puntland_verified_organizer" time="0.084" /><testcase classname="tests.test_iteration5.TestChain" name="test_amina_chain_has_streak" time="0.088" /><testcase classname="tests.test_iteration5.TestShareContext" name="test_amina_share_context" time="0.070" /><testcase classname="tests.test_iteration5.TestRecap" name="test_amina_recap" time="0.074" /><testcase classname="tests.test_iteration5.TestNotifications" name="test_join_creates_notifications" time="0.787" /><testcase classname="tests.test_iteration5.TestMilestoneSSE" name="test_milestone_event_on_crossing_10" time="4.651" /></testsuite></testsuites>