<?xml version="1.0" encoding="utf-8"?><testsuites name="pytest tests"><testsuite name="pytest" errors="0" failures="0" skipped="0" tests="19" time="4.783" timestamp="2026-09-23T03:05:20.274163+00:00" hostname="agent-env-97938362-bc7c-4760-84a5-4f8a0d9fa500"><testcase classname="tests.test_phase1_auth_admin.TestAuth" name="test_admin_login_and_me" time="0.573" /><testcase classname="tests.test_phase1_auth_admin.TestAuth" name="test_wrong_password" time="0.398" /><testcase classname="tests.test_phase1_auth_admin.TestAuth" name="test_unauth_admin_endpoint" time="0.157" /><testcase classname="tests.test_phase1_auth_admin.TestAuth" name="test_non_admin_forbidden" time="0.574" /><testcase classname="tests.test_phase1_auth_admin.TestAuth" name="test_register_duplicate" time="0.169" /><testcase classname="tests.test_phase1_auth_admin.TestAuth" name="test_company_register" time="0.389" /><testcase classname="tests.test_phase1_auth_admin.TestAuth" name="test_logout_clears_session" time="0.555" /><testcase classname="tests.test_phase1_auth_admin.TestCategories" name="test_list_categories" time="0.186" /><testcase classname="tests.test_phase1_auth_admin.TestCreatorFlow" name="test_created_tartan_has_category_and_target" time="0.157" /><testcase classname="tests.test_phase1_auth_admin.TestCreatorFlow" name="test_my_tartans_linked" time="0.090" /><testcase classname="tests.test_phase1_auth_admin.TestCreatorFlow" name="test_feature_request" time="0.079" /><testcase classname="tests.test_phase1_auth_admin.TestCreatorFlow" name="test_category_filter_in_list" time="0.152" /><testcase classname="tests.test_phase1_auth_admin.TestAdmin" name="test_overview" time="0.094" /><testcase classname="tests.test_phase1_auth_admin.TestAdmin" name="test_feature_toggle_and_visibility" time="0.256" /><testcase classname="tests.test_phase1_auth_admin.TestAdmin" name="test_hide_toggle_excludes_from_public_list" time="0.321" /><testcase classname="tests.test_phase1_auth_admin.TestAdmin" name="test_users_list" time="0.090" /><testcase classname="tests.test_phase1_auth_admin.TestAdmin" name="test_reports_list" time="0.089" /><testcase classname="tests.test_phase1_auth_admin.TestRegression" name="test_puntland_loads" time="0.195" /><testcase classname="tests.test_phase1_auth_admin.TestRegression" name="test_anonymous_create" time="0.178" /></testsuite></testsuites>