<?xml version="1.0" encoding="utf-8"?><testsuites name="pytest tests"><testsuite name="pytest" errors="0" failures="0" skipped="0" tests="12" time="4.563" timestamp="2026-09-23T03:29:18.488626+00:00" hostname="agent-env-97938362-bc7c-4760-84a5-4f8a0d9fa500"><testcase classname="tests.test_phase2_orders.TestFeaturePlans" name="test_list_plans" time="0.177" /><testcase classname="tests.test_phase2_orders.TestOrderCreate" name="test_owner_can_create_pending_order" time="0.549" /><testcase classname="tests.test_phase2_orders.TestOrderCreate" name="test_duplicate_pending_returns_409" time="0.071" /><testcase classname="tests.test_phase2_orders.TestOrderCreate" name="test_non_owner_forbidden_403" time="0.539" /><testcase classname="tests.test_phase2_orders.TestOrderCreate" name="test_unknown_plan_400" time="0.636" /><testcase classname="tests.test_phase2_orders.TestOrderCreate" name="test_my_orders_contains_pending" time="0.073" /><testcase classname="tests.test_phase2_orders.TestAdminOrders" name="test_admin_orders_lists_pending" time="0.466" /><testcase classname="tests.test_phase2_orders.TestAdminOrders" name="test_activate_sets_featured_and_expires" time="0.325" /><testcase classname="tests.test_phase2_orders.TestAdminOrders" name="test_cannot_activate_non_pending" time="0.081" /><testcase classname="tests.test_phase2_orders.TestAdminOrders" name="test_reject_flow" time="0.842" /><testcase classname="tests.test_phase2_orders.TestOverviewStats" name="test_revenue_and_pending_present" time="0.096" /><testcase classname="tests.test_phase2_orders.TestAutoExpiry" name="test_expired_feature_un_features_but_puntland_stays" time="0.652" /></testsuite></testsuites>