<?xml version="1.0" encoding="utf-8"?><testsuites name="pytest tests"><testsuite name="pytest" errors="0" failures="0" skipped="0" tests="13" time="3.323" timestamp="2026-09-22T22:53:44.293022+00:00" hostname="agent-env-97938362-bc7c-4760-84a5-4f8a0d9fa500"><testcase classname="tests.test_tartan_api" name="test_root" time="0.271" /><testcase classname="tests.test_tartan_api" name="test_list_tartans_includes_puntland" time="0.134" /><testcase classname="tests.test_tartan_api" name="test_get_puntland_tartan_stats" time="0.159" /><testcase classname="tests.test_tartan_api" name="test_get_puntland_map" time="0.155" /><testcase classname="tests.test_tartan_api" name="test_get_tartan_404" time="0.170" /><testcase classname="tests.test_tartan_api" name="test_share_context_flagship_initiator" time="0.141" /><testcase classname="tests.test_tartan_api" name="test_share_context_404" time="0.149" /><testcase classname="tests.test_tartan_api" name="test_create_tartan_and_persist" time="0.192" /><testcase classname="tests.test_tartan_api" name="test_join_puntland_under_initiator_and_chain" time="0.604" /><testcase classname="tests.test_tartan_api" name="test_join_without_parent_attaches_to_initiator" time="0.211" /><testcase classname="tests.test_tartan_api" name="test_join_404_bad_tartan" time="0.204" /><testcase classname="tests.test_tartan_api" name="test_create_report" time="0.166" /><testcase classname="tests.test_tartan_api" name="test_verified_split_new_device_increments_verified" time="0.245" /></testsuite></testsuites>